
          -------------------------------------------------------
          Amber 16 SANDER                              2016
          -------------------------------------------------------

| Run on 10/08/2017 at 11:39:34

|   Executable path: /home/mish4610/software/amber16/bin/sander
| Working directory: /home/mish4610/conversions/SAMPL6/SAMPL6/host_guest/SAMPLing
|          Hostname: localhost.localdomain

  [-O]verwriting output

File Assignments:
|  MDIN: runfiles/min_SAMPL6.in                                                
| MDOUT: /home/mish4610/conversions/SAMPL6/SAMPL6/host_guest/SAMPLing/CB8-G3_co
|INPCRD: /home/mish4610/conversions/SAMPL6/SAMPL6/host_guest/SAMPLing/CB8-G3_co
|  PARM: /home/mish4610/conversions/SAMPL6/SAMPL6/host_guest/SAMPLing/CB8-G3_co
|RESTRT: restrt                                                                
|  REFC: refc                                                                  
| MDVEL: mdvel                                                                 
| MDFRC: mdfrc                                                                 
|  MDEN: mden                                                                  
| MDCRD: mdcrd                                                                 
|MDINFO: mdinfo                                                                
|  MTMD: mtmd                                                                  
|INPDIP: inpdip                                                                
|RSTDIP: rstdip                                                                
|INPTRA: inptraj                                                               


 Here is the input file:

recomputing energies with Cartesian restraints                                 
&cntrl                                                                         
imin=1,                                                                        
maxcyc=1,                                                                      
ntb=1,                                                                         
cut=14.0                                                                       
/                                                                              
 &ewald                                                                        
  nfft1=48,                                                                    
  nfft2=48,                                                                    
  nfft3=48,                                                                    
  order=4                                                                      
  skinnb=1.0                                                                   
/                                                                              

--------------------------------------------------------------------------------
   1.  RESOURCE   USE: 
--------------------------------------------------------------------------------

| Flags:                                                                        
 getting new box info from bottom of inpcrd
|  INFO: Old style inpcrd file read

| peek_ewald_inpcrd: Box info found
|Largest sphere to fit in unit cell has radius =    18.839
| New format PARM file being parsed.
| Version =    1.000 Date = 10/08/17 Time = 11:39:00
 NATOM  =    5362 NTYPES =      18 NBONH =    5335 MBONA  =      27
 NTHETH =      57 MTHETA =      39 NPHIH =     113 MPHIA  =      81
 NHPARM =       0 NPARM  =       0 NNB   =    7378 NRES   =    1774
 NBONA  =      27 NTHETA =      39 NPHIA =      81 NUMBND =      19
 NUMANG =      33 NPTRA  =     130 NATYP =       1 NPHB   =       0
 IFBOX  =       1 NMXRS  =      49 IFCAP =       0 NEXTRA =       0
 NCOPY  =       0


|     Memory Use     Allocated
|     Real              503275
|     Hollerith          17862
|     Integer           151551
|     Max Pairs        6032250
|     nblistReal         64344
|     nblist Int        147953
|       Total            29237 kbytes

| Note: 1-4 EEL scale factors are being read from the topology file.

| Note: 1-4 VDW scale factors are being read from the topology file.
| Duplicated    0 dihedrals
| Duplicated    0 dihedrals

     BOX TYPE: RECTILINEAR

--------------------------------------------------------------------------------
   2.  CONTROL  DATA  FOR  THE  RUN
--------------------------------------------------------------------------------

                                                                                

General flags:
     imin    =       1, nmropt  =       0

Nature and format of input:
     ntx     =       1, irest   =       0, ntrx    =       1

Nature and format of output:
     ntxo    =       2, ntpr    =      50, ntrx    =       1, ntwr    =       1
     iwrap   =       0, ntwx    =       0, ntwv    =       0, ntwe    =       0
     ioutfm  =       1, ntwprt  =       0, idecomp =       0, rbornstat=      0

Potential function:
     ntf     =       1, ntb     =       1, igb     =       0, nsnb    =      25
     ipol    =       0, gbsa    =       0, iesp    =       0
     dielc   =   1.00000, cut     =  14.00000, intdiel =   1.00000

Frozen or restrained atoms:
     ibelly  =       0, ntr     =       0

Energy minimization:
     maxcyc  =       1, ncyc    =      10, ntmin   =       1
     dx0     =   0.01000, drms    =   0.00010

Ewald parameters:
     verbose =       0, ew_type =       0, nbflag  =       1, use_pme =       1
     vdwmeth =       1, eedmeth =       1, netfrc  =       0
     Box X =   37.678   Box Y =   37.992   Box Z =   38.127
     Alpha =   90.000   Beta  =   90.000   Gamma =   90.000
     NFFT1 =   48       NFFT2 =   48       NFFT3 =   48
     Cutoff=   14.000   Tol   =0.100E-04
     Ewald Coefficient =  0.19234
     Interpolation order =    4

--------------------------------------------------------------------------------
   3.  ATOMIC COORDINATES AND VELOCITIES
--------------------------------------------------------------------------------

                                                                                
 begin time read from input coords =     0.000 ps

 Number of triangulated 3-point waters found:     1770

     Sum of charges from parm topology file =  -0.00000001
     Forcing neutrality...

--------------------------------------------------------------------------------
   4.  RESULTS
--------------------------------------------------------------------------------

 ---------------------------------------------------
 APPROXIMATING switch and d/dx switch using CUBIC SPLINE INTERPOLATION
 using   5000.0 points per unit in tabled values
 TESTING RELATIVE ERROR over r ranging from 0.0 to cutoff
| CHECK switch(x): max rel err =   0.2738E-14   at   2.422500
| CHECK d/dx switch(x): max rel err =   0.7883E-11   at   2.684960
 ---------------------------------------------------
| Local SIZE OF NONBOND LIST =    3715742
| TOTAL SIZE OF NONBOND LIST =    3715742


   NSTEP       ENERGY          RMS            GMAX         NAME    NUMBER
      1      -1.7136E+04     1.4021E+01     8.5895E+01     C6          6

 BOND    =       13.8629  ANGLE   =       27.6529  DIHED      =       17.3867
 VDWAALS =     2444.3060  EEL     =   -19754.5468  HBOND      =        0.0000
 1-4 VDW =       16.9580  1-4 EEL =       97.9102  RESTRAINT  =        0.0000


  Maximum number of minimization cycles reached.


                    FINAL RESULTS



   NSTEP       ENERGY          RMS            GMAX         NAME    NUMBER
      1      -1.7136E+04     1.4021E+01     8.5895E+01     C6          6

 BOND    =       13.8629  ANGLE   =       27.6529  DIHED      =       17.3867
 VDWAALS =     2444.3060  EEL     =   -19754.5468  HBOND      =        0.0000
 1-4 VDW =       16.9580  1-4 EEL =       97.9102  RESTRAINT  =        0.0000

--------------------------------------------------------------------------------
   5.  TIMINGS
--------------------------------------------------------------------------------

|    Read coords time           0.01 ( 1.21% of Total)
|    Fast Water setup           0.00 ( 0.04% of Total)
|                Build the list             0.14 (86.68% of List )
|                Other                      0.02 (13.32% of List )
|             List time                  0.16 (27.19% of Nonbo)
|                   Short_ene time             0.40 (99.83% of Direc)
|                   Other                      0.00 ( 0.17% of Direc)
|                Direct Ewald time          0.40 (93.33% of Ewald)
|                Adjust Ewald time          0.00 ( 0.13% of Ewald)
|                Self Ewald time            0.00 ( 0.01% of Ewald)
|                   Fill Bspline coeffs        0.00 ( 4.13% of Recip)
|                   Fill charge grid           0.00 ( 8.06% of Recip)
|                   Scalar sum                 0.01 (25.63% of Recip)
|                   Grad sum                   0.00 (15.33% of Recip)
|                   FFT time                   0.01 (46.83% of Recip)
|                   Other                      0.00 ( 0.02% of Recip)
|                Recip Ewald time           0.03 ( 6.52% of Ewald)
|                Virial junk                0.00 ( 0.01% of Ewald)
|                Other                      0.00 ( 0.01% of Ewald)
|             Ewald time                 0.43 (72.81% of Nonbo)
|          Nonbond force              0.59 (100.0% of Force)
|          Bond/Angle/Dihedral        0.00 ( 0.08% of Force)
|          Other                      0.00 ( 0.01% of Force)
|       Force time                 0.59 (100.0% of Runmd)
|    Runmd Time                 0.59 (88.72% of Total)
|    Other                      0.07 (10.03% of Total)
| Total time                 0.66 (99.90% of ALL  )

| Number of list builds   :          1

| Highest rstack allocated:     392188
| Highest istack allocated:       5362
|           Job began  at 11:39:34.824  on 10/08/2017
|           Setup done at 11:39:34.898  on 10/08/2017
|           Run   done at 11:39:35.486  on 10/08/2017
|     wallclock() was called      88 times
