
          -------------------------------------------------------
          Amber 16 SANDER                              2016
          -------------------------------------------------------

| Run on 10/08/2017 at 12:01:32

|   Executable path: /home/mish4610/software/amber16/bin/sander
| Working directory: /home/mish4610/conversions/SAMPL6/SAMPL6/host_guest/SAMPLing
|          Hostname: localhost.localdomain

  [-O]verwriting output

File Assignments:
|  MDIN: runfiles/min_SAMPL6.in                                                
| MDOUT: /home/mish4610/conversions/SAMPL6/SAMPL6/host_guest/SAMPLing/TEMOA-G4_
|INPCRD: /home/mish4610/conversions/SAMPL6/SAMPL6/host_guest/SAMPLing/TEMOA-G4_
|  PARM: /home/mish4610/conversions/SAMPL6/SAMPL6/host_guest/SAMPLing/TEMOA-G4_
|RESTRT: restrt                                                                
|  REFC: refc                                                                  
| MDVEL: mdvel                                                                 
| MDFRC: mdfrc                                                                 
|  MDEN: mden                                                                  
| MDCRD: mdcrd                                                                 
|MDINFO: mdinfo                                                                
|  MTMD: mtmd                                                                  
|INPDIP: inpdip                                                                
|RSTDIP: rstdip                                                                
|INPTRA: inptraj                                                               


 Here is the input file:

recomputing energies with Cartesian restraints                                 
&cntrl                                                                         
imin=1,                                                                        
maxcyc=1,                                                                      
ntb=1,                                                                         
cut=14.0                                                                       
/                                                                              
 &ewald                                                                        
  nfft1=48,                                                                    
  nfft2=48,                                                                    
  nfft3=48,                                                                    
  order=4                                                                      
  skinnb=1.0                                                                   
/                                                                              

--------------------------------------------------------------------------------
   1.  RESOURCE   USE: 
--------------------------------------------------------------------------------

| Flags:                                                                        
 getting new box info from bottom of inpcrd
|  INFO: Old style inpcrd file read

| peek_ewald_inpcrd: Box info found
|Largest sphere to fit in unit cell has radius =    17.550
| New format PARM file being parsed.
| Version =    1.000 Date = 10/08/17 Time = 12:01:15
 NATOM  =    4269 NTYPES =       9 NBONH =    4256 MBONA  =      11
 NTHETH =      38 MTHETA =      13 NPHIH =      88 MPHIA  =      19
 NHPARM =       0 NPARM  =       0 NNB   =    5799 NRES   =    1415
 NBONA  =      11 NTHETA =      13 NPHIA =      19 NUMBND =       9
 NUMANG =      13 NPTRA  =      88 NATYP =       1 NPHB   =       0
 IFBOX  =       1 NMXRS  =      29 IFCAP =       0 NEXTRA =       0
 NCOPY  =       0


|     Memory Use     Allocated
|     Real              417759
|     Hollerith          14224
|     Integer           122057
|     Max Pairs        4802625
|     nblistReal         51228
|     nblist Int        124140
|       Total            23441 kbytes

| Note: 1-4 EEL scale factors are being read from the topology file.

| Note: 1-4 VDW scale factors are being read from the topology file.
| Duplicated    0 dihedrals
| Duplicated    0 dihedrals

     BOX TYPE: RECTILINEAR

--------------------------------------------------------------------------------
   2.  CONTROL  DATA  FOR  THE  RUN
--------------------------------------------------------------------------------

                                                                                

General flags:
     imin    =       1, nmropt  =       0

Nature and format of input:
     ntx     =       1, irest   =       0, ntrx    =       1

Nature and format of output:
     ntxo    =       2, ntpr    =      50, ntrx    =       1, ntwr    =       1
     iwrap   =       0, ntwx    =       0, ntwv    =       0, ntwe    =       0
     ioutfm  =       1, ntwprt  =       0, idecomp =       0, rbornstat=      0

Potential function:
     ntf     =       1, ntb     =       1, igb     =       0, nsnb    =      25
     ipol    =       0, gbsa    =       0, iesp    =       0
     dielc   =   1.00000, cut     =  14.00000, intdiel =   1.00000

Frozen or restrained atoms:
     ibelly  =       0, ntr     =       0

Energy minimization:
     maxcyc  =       1, ncyc    =      10, ntmin   =       1
     dx0     =   0.01000, drms    =   0.00010

Ewald parameters:
     verbose =       0, ew_type =       0, nbflag  =       1, use_pme =       1
     vdwmeth =       1, eedmeth =       1, netfrc  =       0
     Box X =   35.230   Box Y =   35.128   Box Z =   35.100
     Alpha =   90.000   Beta  =   90.000   Gamma =   90.000
     NFFT1 =   48       NFFT2 =   48       NFFT3 =   48
     Cutoff=   14.000   Tol   =0.100E-04
     Ewald Coefficient =  0.19234
     Interpolation order =    4

--------------------------------------------------------------------------------
   3.  ATOMIC COORDINATES AND VELOCITIES
--------------------------------------------------------------------------------

                                                                                
 begin time read from input coords =     0.000 ps

 Number of triangulated 3-point waters found:     1413

     Sum of charges from parm topology file =  -0.00000000
     Forcing neutrality...

--------------------------------------------------------------------------------
   4.  RESULTS
--------------------------------------------------------------------------------

 ---------------------------------------------------
 APPROXIMATING switch and d/dx switch using CUBIC SPLINE INTERPOLATION
 using   5000.0 points per unit in tabled values
 TESTING RELATIVE ERROR over r ranging from 0.0 to cutoff
| CHECK switch(x): max rel err =   0.2738E-14   at   2.422500
| CHECK d/dx switch(x): max rel err =   0.7883E-11   at   2.684960
 ---------------------------------------------------
| Local SIZE OF NONBOND LIST =    2960615
| TOTAL SIZE OF NONBOND LIST =    2960615


   NSTEP       ENERGY          RMS            GMAX         NAME    NUMBER
      1      -1.3680E+04     1.4017E+01     6.6211E+01     O        2719

 BOND    =        3.0810  ANGLE   =       22.4825  DIHED      =       23.0133
 VDWAALS =     2005.9286  EEL     =   -15724.2722  HBOND      =        0.0000
 1-4 VDW =        4.1283  1-4 EEL =      -14.2107  RESTRAINT  =        0.0000


  Maximum number of minimization cycles reached.


                    FINAL RESULTS



   NSTEP       ENERGY          RMS            GMAX         NAME    NUMBER
      1      -1.3680E+04     1.4017E+01     6.6211E+01     O        2719

 BOND    =        3.0810  ANGLE   =       22.4825  DIHED      =       23.0133
 VDWAALS =     2005.9286  EEL     =   -15724.2722  HBOND      =        0.0000
 1-4 VDW =        4.1283  1-4 EEL =      -14.2107  RESTRAINT  =        0.0000

--------------------------------------------------------------------------------
   5.  TIMINGS
--------------------------------------------------------------------------------

|    Read coords time           0.00 ( 1.05% of Total)
|    Fast Water setup           0.00 ( 0.03% of Total)
|                Build the list             0.09 (83.34% of List )
|                Other                      0.02 (16.66% of List )
|             List time                  0.11 (25.05% of Nonbo)
|                   Short_ene time             0.29 (99.81% of Direc)
|                   Other                      0.00 ( 0.19% of Direc)
|                Direct Ewald time          0.29 (91.65% of Ewald)
|                Adjust Ewald time          0.00 ( 0.12% of Ewald)
|                Self Ewald time            0.00 ( 0.01% of Ewald)
|                   Fill Bspline coeffs        0.00 ( 3.68% of Recip)
|                   Fill charge grid           0.00 ( 5.97% of Recip)
|                   Scalar sum                 0.01 (27.31% of Recip)
|                   Grad sum                   0.00 (12.67% of Recip)
|                   FFT time                   0.01 (50.36% of Recip)
|                   Other                      0.00 ( 0.02% of Recip)
|                Recip Ewald time           0.03 ( 8.21% of Ewald)
|                Virial junk                0.00 ( 0.01% of Ewald)
|                Other                      0.00 ( 0.01% of Ewald)
|             Ewald time                 0.32 (74.95% of Nonbo)
|          Nonbond force              0.42 (100.0% of Force)
|          Bond/Angle/Dihedral        0.00 ( 0.07% of Force)
|          Other                      0.00 ( 0.01% of Force)
|       Force time                 0.42 (100.0% of Runmd)
|    Runmd Time                 0.42 (91.16% of Total)
|    Other                      0.04 ( 7.76% of Total)
| Total time                 0.46 (99.88% of ALL  )

| Number of list builds   :          1

| Highest rstack allocated:     362677
| Highest istack allocated:       4269
|           Job began  at 12:01:32.959  on 10/08/2017
|           Setup done at 12:01:32.999  on 10/08/2017
|           Run   done at 12:01:33.423  on 10/08/2017
|     wallclock() was called      88 times
