
          -------------------------------------------------------
          Amber 16 SANDER                              2016
          -------------------------------------------------------

| Run on 10/08/2017 at 11:47:42

|   Executable path: /home/mish4610/software/amber16/bin/sander
| Working directory: /home/mish4610/conversions/SAMPL6/SAMPL6/host_guest/SAMPLing
|          Hostname: localhost.localdomain

  [-O]verwriting output

File Assignments:
|  MDIN: runfiles/min_SAMPL6.in                                                
| MDOUT: /home/mish4610/conversions/SAMPL6/SAMPL6/host_guest/SAMPLing/OA-G0_con
|INPCRD: /home/mish4610/conversions/SAMPL6/SAMPL6/host_guest/SAMPLing/OA-G0_con
|  PARM: /home/mish4610/conversions/SAMPL6/SAMPL6/host_guest/SAMPLing/OA-G0_con
|RESTRT: restrt                                                                
|  REFC: refc                                                                  
| MDVEL: mdvel                                                                 
| MDFRC: mdfrc                                                                 
|  MDEN: mden                                                                  
| MDCRD: mdcrd                                                                 
|MDINFO: mdinfo                                                                
|  MTMD: mtmd                                                                  
|INPDIP: inpdip                                                                
|RSTDIP: rstdip                                                                
|INPTRA: inptraj                                                               


 Here is the input file:

recomputing energies with Cartesian restraints                                 
&cntrl                                                                         
imin=1,                                                                        
maxcyc=1,                                                                      
ntb=1,                                                                         
cut=14.0                                                                       
/                                                                              
 &ewald                                                                        
  nfft1=48,                                                                    
  nfft2=48,                                                                    
  nfft3=48,                                                                    
  order=4                                                                      
  skinnb=1.0                                                                   
/                                                                              

--------------------------------------------------------------------------------
   1.  RESOURCE   USE: 
--------------------------------------------------------------------------------

| Flags:                                                                        
 getting new box info from bottom of inpcrd
|  INFO: Old style inpcrd file read

| peek_ewald_inpcrd: Box info found
|Largest sphere to fit in unit cell has radius =    16.055
| New format PARM file being parsed.
| Version =    1.000 Date = 10/08/17 Time = 11:47:25
 NATOM  =    3342 NTYPES =       7 NBONH =    3332 MBONA  =       9
 NTHETH =      28 MTHETA =      11 NPHIH =      57 MPHIA  =      26
 NHPARM =       0 NPARM  =       0 NNB   =    4544 NRES   =    1109
 NBONA  =       9 NTHETA =      11 NPHIA =      26 NUMBND =       6
 NUMANG =       7 NPTRA  =      67 NATYP =       1 NPHB   =       0
 IFBOX  =       1 NMXRS  =      20 IFCAP =       0 NEXTRA =       0
 NCOPY  =       0


|     Memory Use     Allocated
|     Real              345424
|     Hollerith          11137
|     Integer            99878
|     Max Pairs        3759750
|     nblistReal         40104
|     nblist Int         92202
|       Total            18492 kbytes

| Note: 1-4 EEL scale factors are being read from the topology file.

| Note: 1-4 VDW scale factors are being read from the topology file.
| Duplicated    0 dihedrals
| Duplicated    0 dihedrals

     BOX TYPE: RECTILINEAR

--------------------------------------------------------------------------------
   2.  CONTROL  DATA  FOR  THE  RUN
--------------------------------------------------------------------------------

                                                                                

General flags:
     imin    =       1, nmropt  =       0

Nature and format of input:
     ntx     =       1, irest   =       0, ntrx    =       1

Nature and format of output:
     ntxo    =       2, ntpr    =      50, ntrx    =       1, ntwr    =       1
     iwrap   =       0, ntwx    =       0, ntwv    =       0, ntwe    =       0
     ioutfm  =       1, ntwprt  =       0, idecomp =       0, rbornstat=      0

Potential function:
     ntf     =       1, ntb     =       1, igb     =       0, nsnb    =      25
     ipol    =       0, gbsa    =       0, iesp    =       0
     dielc   =   1.00000, cut     =  14.00000, intdiel =   1.00000

Frozen or restrained atoms:
     ibelly  =       0, ntr     =       0

Energy minimization:
     maxcyc  =       1, ncyc    =      10, ntmin   =       1
     dx0     =   0.01000, drms    =   0.00010

Ewald parameters:
     verbose =       0, ew_type =       0, nbflag  =       1, use_pme =       1
     vdwmeth =       1, eedmeth =       1, netfrc  =       0
     Box X =   32.109   Box Y =   32.126   Box Z =   32.638
     Alpha =   90.000   Beta  =   90.000   Gamma =   90.000
     NFFT1 =   48       NFFT2 =   48       NFFT3 =   48
     Cutoff=   14.000   Tol   =0.100E-04
     Ewald Coefficient =  0.19234
     Interpolation order =    4

--------------------------------------------------------------------------------
   3.  ATOMIC COORDINATES AND VELOCITIES
--------------------------------------------------------------------------------

                                                                                
 begin time read from input coords =     0.000 ps

 Number of triangulated 3-point waters found:     1107

     Sum of charges from parm topology file =  -0.00000000
     Forcing neutrality...

--------------------------------------------------------------------------------
   4.  RESULTS
--------------------------------------------------------------------------------

 ---------------------------------------------------
 APPROXIMATING switch and d/dx switch using CUBIC SPLINE INTERPOLATION
 using   5000.0 points per unit in tabled values
 TESTING RELATIVE ERROR over r ranging from 0.0 to cutoff
| CHECK switch(x): max rel err =   0.2738E-14   at   2.422500
| CHECK d/dx switch(x): max rel err =   0.7883E-11   at   2.684960
 ---------------------------------------------------
| Local SIZE OF NONBOND LIST =    2340328
| TOTAL SIZE OF NONBOND LIST =    2340328


   NSTEP       ENERGY          RMS            GMAX         NAME    NUMBER
      1      -1.0792E+04     1.4007E+01     8.0625E+01     C1          1

 BOND    =        3.7605  ANGLE   =       21.8041  DIHED      =       14.4461
 VDWAALS =     1565.2741  EEL     =   -12387.5622  HBOND      =        0.0000
 1-4 VDW =        2.4242  1-4 EEL =      -11.8180  RESTRAINT  =        0.0000


  Maximum number of minimization cycles reached.


                    FINAL RESULTS



   NSTEP       ENERGY          RMS            GMAX         NAME    NUMBER
      1      -1.0792E+04     1.4007E+01     8.0625E+01     C1          1

 BOND    =        3.7605  ANGLE   =       21.8041  DIHED      =       14.4461
 VDWAALS =     1565.2741  EEL     =   -12387.5622  HBOND      =        0.0000
 1-4 VDW =        2.4242  1-4 EEL =      -11.8180  RESTRAINT  =        0.0000

--------------------------------------------------------------------------------
   5.  TIMINGS
--------------------------------------------------------------------------------

|    Read coords time           0.01 ( 1.31% of Total)
|    Fast Water setup           0.00 ( 0.04% of Total)
|                Build the list             0.09 (78.73% of List )
|                Other                      0.02 (21.27% of List )
|             List time                  0.11 (28.99% of Nonbo)
|                   Short_ene time             0.25 (99.84% of Direc)
|                   Other                      0.00 ( 0.16% of Direc)
|                Direct Ewald time          0.25 (90.67% of Ewald)
|                Adjust Ewald time          0.00 ( 0.12% of Ewald)
|                Self Ewald time            0.00 ( 0.01% of Ewald)
|                   Fill Bspline coeffs        0.00 ( 2.89% of Recip)
|                   Fill charge grid           0.00 ( 6.26% of Recip)
|                   Scalar sum                 0.01 (28.19% of Recip)
|                   Grad sum                   0.00 (11.17% of Recip)
|                   FFT time                   0.01 (51.47% of Recip)
|                   Other                      0.00 ( 0.02% of Recip)
|                Recip Ewald time           0.03 ( 9.18% of Ewald)
|                Virial junk                0.00 ( 0.01% of Ewald)
|                Other                      0.00 ( 0.01% of Ewald)
|             Ewald time                 0.28 (71.01% of Nonbo)
|          Nonbond force              0.39 (100.0% of Force)
|          Bond/Angle/Dihedral        0.00 ( 0.07% of Force)
|          Other                      0.00 ( 0.01% of Force)
|       Force time                 0.39 (100.0% of Runmd)
|    Runmd Time                 0.39 (88.29% of Total)
|    Other                      0.05 (10.36% of Total)
| Total time                 0.44 (99.85% of ALL  )

| Number of list builds   :          1

| Highest rstack allocated:     337648
| Highest istack allocated:       3342
|           Job began  at 11:47:42.509  on 10/08/2017
|           Setup done at 11:47:42.561  on 10/08/2017
|           Run   done at 11:47:42.950  on 10/08/2017
|     wallclock() was called      88 times
