
          -------------------------------------------------------
          Amber 16 SANDER                              2016
          -------------------------------------------------------

| Run on 10/08/2017 at 11:46:34

|   Executable path: /home/mish4610/software/amber16/bin/sander
| Working directory: /home/mish4610/conversions/SAMPL6/SAMPL6/host_guest/SAMPLing
|          Hostname: localhost.localdomain

  [-O]verwriting output

File Assignments:
|  MDIN: runfiles/min_SAMPL6.in                                                
| MDOUT: /home/mish4610/conversions/SAMPL6/SAMPL6/host_guest/SAMPLing/CB8-G9_co
|INPCRD: /home/mish4610/conversions/SAMPL6/SAMPL6/host_guest/SAMPLing/CB8-G9_co
|  PARM: /home/mish4610/conversions/SAMPL6/SAMPL6/host_guest/SAMPLing/CB8-G9_co
|RESTRT: restrt                                                                
|  REFC: refc                                                                  
| MDVEL: mdvel                                                                 
| MDFRC: mdfrc                                                                 
|  MDEN: mden                                                                  
| MDCRD: mdcrd                                                                 
|MDINFO: mdinfo                                                                
|  MTMD: mtmd                                                                  
|INPDIP: inpdip                                                                
|RSTDIP: rstdip                                                                
|INPTRA: inptraj                                                               


 Here is the input file:

recomputing energies with Cartesian restraints                                 
&cntrl                                                                         
imin=1,                                                                        
maxcyc=1,                                                                      
ntb=1,                                                                         
cut=14.0                                                                       
/                                                                              
 &ewald                                                                        
  nfft1=48,                                                                    
  nfft2=48,                                                                    
  nfft3=48,                                                                    
  order=4                                                                      
  skinnb=1.0                                                                   
/                                                                              

--------------------------------------------------------------------------------
   1.  RESOURCE   USE: 
--------------------------------------------------------------------------------

| Flags:                                                                        
 getting new box info from bottom of inpcrd
|  INFO: Old style inpcrd file read

| peek_ewald_inpcrd: Box info found
|Largest sphere to fit in unit cell has radius =    15.454
| New format PARM file being parsed.
| Version =    1.000 Date = 10/08/17 Time = 11:46:17
 NATOM  =    3000 NTYPES =       7 NBONH =    2989 MBONA  =      12
 NTHETH =      40 MTHETA =      20 NPHIH =      80 MPHIA  =      76
 NHPARM =       0 NPARM  =       0 NNB   =    4149 NRES   =     993
 NBONA  =      12 NTHETA =      20 NPHIA =      76 NUMBND =       6
 NUMANG =       6 NPTRA  =     110 NATYP =       1 NPHB   =       0
 IFBOX  =       1 NMXRS  =      26 IFCAP =       0 NEXTRA =       0
 NCOPY  =       0


|     Memory Use     Allocated
|     Real              318758
|     Hollerith           9995
|     Integer            95575
|     Max Pairs        3375000
|     nblistReal         36000
|     nblist Int         85150
|       Total            16700 kbytes

| Note: 1-4 EEL scale factors are being read from the topology file.

| Note: 1-4 VDW scale factors are being read from the topology file.
| Duplicated    0 dihedrals
| Duplicated    0 dihedrals

     BOX TYPE: RECTILINEAR

--------------------------------------------------------------------------------
   2.  CONTROL  DATA  FOR  THE  RUN
--------------------------------------------------------------------------------

                                                                                

General flags:
     imin    =       1, nmropt  =       0

Nature and format of input:
     ntx     =       1, irest   =       0, ntrx    =       1

Nature and format of output:
     ntxo    =       2, ntpr    =      50, ntrx    =       1, ntwr    =       1
     iwrap   =       0, ntwx    =       0, ntwv    =       0, ntwe    =       0
     ioutfm  =       1, ntwprt  =       0, idecomp =       0, rbornstat=      0

Potential function:
     ntf     =       1, ntb     =       1, igb     =       0, nsnb    =      25
     ipol    =       0, gbsa    =       0, iesp    =       0
     dielc   =   1.00000, cut     =  14.00000, intdiel =   1.00000

Frozen or restrained atoms:
     ibelly  =       0, ntr     =       0

Energy minimization:
     maxcyc  =       1, ncyc    =      10, ntmin   =       1
     dx0     =   0.01000, drms    =   0.00010

Ewald parameters:
     verbose =       0, ew_type =       0, nbflag  =       1, use_pme =       1
     vdwmeth =       1, eedmeth =       1, netfrc  =       0
     Box X =   31.326   Box Y =   30.907   Box Z =   31.180
     Alpha =   90.000   Beta  =   90.000   Gamma =   90.000
     NFFT1 =   48       NFFT2 =   48       NFFT3 =   48
     Cutoff=   14.000   Tol   =0.100E-04
     Ewald Coefficient =  0.19234
     Interpolation order =    4

--------------------------------------------------------------------------------
   3.  ATOMIC COORDINATES AND VELOCITIES
--------------------------------------------------------------------------------

                                                                                
 begin time read from input coords =     0.000 ps

 Number of triangulated 3-point waters found:      991

     Sum of charges from parm topology file =   0.00000000
     Forcing neutrality...

--------------------------------------------------------------------------------
   4.  RESULTS
--------------------------------------------------------------------------------

 ---------------------------------------------------
 APPROXIMATING switch and d/dx switch using CUBIC SPLINE INTERPOLATION
 using   5000.0 points per unit in tabled values
 TESTING RELATIVE ERROR over r ranging from 0.0 to cutoff
| CHECK switch(x): max rel err =   0.2738E-14   at   2.422500
| CHECK d/dx switch(x): max rel err =   0.7883E-11   at   2.684960
 ---------------------------------------------------
| Local SIZE OF NONBOND LIST =    2102482
| TOTAL SIZE OF NONBOND LIST =    2102482


   NSTEP       ENERGY          RMS            GMAX         NAME    NUMBER
      1      -9.5702E+03     1.4101E+01     9.1831E+01     C9          9

 BOND    =        8.0356  ANGLE   =       30.0498  DIHED      =       17.5671
 VDWAALS =     1422.5821  EEL     =   -11007.1835  HBOND      =        0.0000
 1-4 VDW =        8.0098  1-4 EEL =      -49.2827  RESTRAINT  =        0.0000


  Maximum number of minimization cycles reached.


                    FINAL RESULTS



   NSTEP       ENERGY          RMS            GMAX         NAME    NUMBER
      1      -9.5702E+03     1.4101E+01     9.1831E+01     C9          9

 BOND    =        8.0356  ANGLE   =       30.0498  DIHED      =       17.5671
 VDWAALS =     1422.5821  EEL     =   -11007.1835  HBOND      =        0.0000
 1-4 VDW =        8.0098  1-4 EEL =      -49.2827  RESTRAINT  =        0.0000

--------------------------------------------------------------------------------
   5.  TIMINGS
--------------------------------------------------------------------------------

|    Read coords time           0.01 ( 1.39% of Total)
|    Fast Water setup           0.00 ( 0.04% of Total)
|                Build the list             0.08 (74.98% of List )
|                Other                      0.03 (25.02% of List )
|             List time                  0.10 (29.60% of Nonbo)
|                   Short_ene time             0.22 (99.85% of Direc)
|                   Other                      0.00 ( 0.15% of Direc)
|                Direct Ewald time          0.22 (90.23% of Ewald)
|                Adjust Ewald time          0.00 ( 0.12% of Ewald)
|                Self Ewald time            0.00 ( 0.01% of Ewald)
|                   Fill Bspline coeffs        0.00 ( 2.89% of Recip)
|                   Fill charge grid           0.00 ( 6.13% of Recip)
|                   Scalar sum                 0.01 (29.92% of Recip)
|                   Grad sum                   0.00 (10.07% of Recip)
|                   FFT time                   0.01 (50.96% of Recip)
|                   Other                      0.00 ( 0.03% of Recip)
|                Recip Ewald time           0.02 ( 9.62% of Ewald)
|                Virial junk                0.00 ( 0.01% of Ewald)
|                Other                      0.00 ( 0.01% of Ewald)
|             Ewald time                 0.25 (70.40% of Nonbo)
|          Nonbond force              0.35 (99.90% of Force)
|          Bond/Angle/Dihedral        0.00 ( 0.09% of Force)
|          Other                      0.00 ( 0.02% of Force)
|       Force time                 0.35 (100.0% of Runmd)
|    Runmd Time                 0.35 (88.17% of Total)
|    Other                      0.04 (10.39% of Total)
| Total time                 0.40 (99.83% of ALL  )

| Number of list builds   :          1

| Highest rstack allocated:     328414
| Highest istack allocated:       3000
|           Job began  at 11:46:34.395  on 10/08/2017
|           Setup done at 11:46:34.441  on 10/08/2017
|           Run   done at 11:46:34.793  on 10/08/2017
|     wallclock() was called      88 times
