
          -------------------------------------------------------
          Amber 16 SANDER                              2016
          -------------------------------------------------------

| Run on 10/08/2017 at 11:59:12

|   Executable path: /home/mish4610/software/amber16/bin/sander
| Working directory: /home/mish4610/conversions/SAMPL6/SAMPL6/host_guest/SAMPLing
|          Hostname: localhost.localdomain

  [-O]verwriting output

File Assignments:
|  MDIN: runfiles/min_SAMPL6.in                                                
| MDOUT: /home/mish4610/conversions/SAMPL6/SAMPL6/host_guest/SAMPLing/TEMOA-G2_
|INPCRD: /home/mish4610/conversions/SAMPL6/SAMPL6/host_guest/SAMPLing/TEMOA-G2_
|  PARM: /home/mish4610/conversions/SAMPL6/SAMPL6/host_guest/SAMPLing/TEMOA-G2_
|RESTRT: restrt                                                                
|  REFC: refc                                                                  
| MDVEL: mdvel                                                                 
| MDFRC: mdfrc                                                                 
|  MDEN: mden                                                                  
| MDCRD: mdcrd                                                                 
|MDINFO: mdinfo                                                                
|  MTMD: mtmd                                                                  
|INPDIP: inpdip                                                                
|RSTDIP: rstdip                                                                
|INPTRA: inptraj                                                               


 Here is the input file:

recomputing energies with Cartesian restraints                                 
&cntrl                                                                         
imin=1,                                                                        
maxcyc=1,                                                                      
ntb=1,                                                                         
cut=14.0                                                                       
/                                                                              
 &ewald                                                                        
  nfft1=48,                                                                    
  nfft2=48,                                                                    
  nfft3=48,                                                                    
  order=4                                                                      
  skinnb=1.0                                                                   
/                                                                              

--------------------------------------------------------------------------------
   1.  RESOURCE   USE: 
--------------------------------------------------------------------------------

| Flags:                                                                        
 getting new box info from bottom of inpcrd
|  INFO: Old style inpcrd file read

| peek_ewald_inpcrd: Box info found
|Largest sphere to fit in unit cell has radius =    16.626
| New format PARM file being parsed.
| Version =    1.000 Date = 10/08/17 Time = 11:58:55
 NATOM  =    3656 NTYPES =      10 NBONH =    3643 MBONA  =      12
 NTHETH =      29 MTHETA =      16 NPHIH =      72 MPHIA  =      28
 NHPARM =       0 NPARM  =       0 NNB   =    4975 NRES   =    1212
 NBONA  =      12 NTHETA =      16 NPHIA =      28 NUMBND =      11
 NUMANG =      19 NPTRA  =      79 NATYP =       1 NPHB   =       0
 IFBOX  =       1 NMXRS  =      25 IFCAP =       0 NEXTRA =       0
 NCOPY  =       0


|     Memory Use     Allocated
|     Real              369970
|     Hollerith          12182
|     Integer           107838
|     Max Pairs        4113000
|     nblistReal         43872
|     nblist Int         98953
|       Total            20154 kbytes

| Note: 1-4 EEL scale factors are being read from the topology file.

| Note: 1-4 VDW scale factors are being read from the topology file.
| Duplicated    0 dihedrals
| Duplicated    0 dihedrals

     BOX TYPE: RECTILINEAR

--------------------------------------------------------------------------------
   2.  CONTROL  DATA  FOR  THE  RUN
--------------------------------------------------------------------------------

                                                                                

General flags:
     imin    =       1, nmropt  =       0

Nature and format of input:
     ntx     =       1, irest   =       0, ntrx    =       1

Nature and format of output:
     ntxo    =       2, ntpr    =      50, ntrx    =       1, ntwr    =       1
     iwrap   =       0, ntwx    =       0, ntwv    =       0, ntwe    =       0
     ioutfm  =       1, ntwprt  =       0, idecomp =       0, rbornstat=      0

Potential function:
     ntf     =       1, ntb     =       1, igb     =       0, nsnb    =      25
     ipol    =       0, gbsa    =       0, iesp    =       0
     dielc   =   1.00000, cut     =  14.00000, intdiel =   1.00000

Frozen or restrained atoms:
     ibelly  =       0, ntr     =       0

Energy minimization:
     maxcyc  =       1, ncyc    =      10, ntmin   =       1
     dx0     =   0.01000, drms    =   0.00010

Ewald parameters:
     verbose =       0, ew_type =       0, nbflag  =       1, use_pme =       1
     vdwmeth =       1, eedmeth =       1, netfrc  =       0
     Box X =   33.251   Box Y =   33.604   Box Z =   33.464
     Alpha =   90.000   Beta  =   90.000   Gamma =   90.000
     NFFT1 =   48       NFFT2 =   48       NFFT3 =   48
     Cutoff=   14.000   Tol   =0.100E-04
     Ewald Coefficient =  0.19234
     Interpolation order =    4

--------------------------------------------------------------------------------
   3.  ATOMIC COORDINATES AND VELOCITIES
--------------------------------------------------------------------------------

                                                                                
 begin time read from input coords =     0.000 ps

 Number of triangulated 3-point waters found:     1210

     Sum of charges from parm topology file =   0.00000000
     Forcing neutrality...

--------------------------------------------------------------------------------
   4.  RESULTS
--------------------------------------------------------------------------------

 ---------------------------------------------------
 APPROXIMATING switch and d/dx switch using CUBIC SPLINE INTERPOLATION
 using   5000.0 points per unit in tabled values
 TESTING RELATIVE ERROR over r ranging from 0.0 to cutoff
| CHECK switch(x): max rel err =   0.2738E-14   at   2.422500
| CHECK d/dx switch(x): max rel err =   0.7883E-11   at   2.684960
 ---------------------------------------------------
| Local SIZE OF NONBOND LIST =    2520874
| TOTAL SIZE OF NONBOND LIST =    2520874


   NSTEP       ENERGY          RMS            GMAX         NAME    NUMBER
      1      -1.1720E+04     1.3912E+01     6.3231E+01     O        1023

 BOND    =        3.2502  ANGLE   =       10.3324  DIHED      =       12.2732
 VDWAALS =     1714.7301  EEL     =   -13515.6060  HBOND      =        0.0000
 1-4 VDW =        6.1440  1-4 EEL =       48.4705  RESTRAINT  =        0.0000


  Maximum number of minimization cycles reached.


                    FINAL RESULTS



   NSTEP       ENERGY          RMS            GMAX         NAME    NUMBER
      1      -1.1720E+04     1.3912E+01     6.3231E+01     O        1023

 BOND    =        3.2502  ANGLE   =       10.3324  DIHED      =       12.2732
 VDWAALS =     1714.7301  EEL     =   -13515.6060  HBOND      =        0.0000
 1-4 VDW =        6.1440  1-4 EEL =       48.4705  RESTRAINT  =        0.0000

--------------------------------------------------------------------------------
   5.  TIMINGS
--------------------------------------------------------------------------------

|    Read coords time           0.01 ( 1.25% of Total)
|    Fast Water setup           0.00 ( 0.04% of Total)
|                Build the list             0.10 (81.48% of List )
|                Other                      0.02 (18.52% of List )
|             List time                  0.12 (28.96% of Nonbo)
|                   Short_ene time             0.27 (99.82% of Direc)
|                   Other                      0.00 ( 0.18% of Direc)
|                Direct Ewald time          0.27 (91.37% of Ewald)
|                Adjust Ewald time          0.00 ( 0.12% of Ewald)
|                Self Ewald time            0.00 ( 0.01% of Ewald)
|                   Fill Bspline coeffs        0.00 ( 3.15% of Recip)
|                   Fill charge grid           0.00 ( 6.62% of Recip)
|                   Scalar sum                 0.01 (28.28% of Recip)
|                   Grad sum                   0.00 (11.99% of Recip)
|                   FFT time                   0.01 (49.97% of Recip)
|                   Other                      0.00 ( 0.01% of Recip)
|                Recip Ewald time           0.03 ( 8.47% of Ewald)
|                Virial junk                0.00 ( 0.02% of Ewald)
|                Other                      0.00 ( 0.01% of Ewald)
|             Ewald time                 0.30 (71.04% of Nonbo)
|          Nonbond force              0.42 (100.0% of Force)
|          Bond/Angle/Dihedral        0.00 ( 0.07% of Force)
|          Other                      0.00 ( 0.01% of Force)
|       Force time                 0.42 (100.0% of Runmd)
|    Runmd Time                 0.42 (88.83% of Total)
|    Other                      0.05 ( 9.89% of Total)
| Total time                 0.47 (99.86% of ALL  )

| Number of list builds   :          1

| Highest rstack allocated:     346126
| Highest istack allocated:       3656
|           Job began  at 11:59:12.325  on 10/08/2017
|           Setup done at 11:59:12.378  on 10/08/2017
|           Run   done at 11:59:12.799  on 10/08/2017
|     wallclock() was called      88 times
